
  EPA STORM WATER MANAGEMENT MODEL - VERSION 5.1 (Build 5.1.013)
  --------------------------------------------------------------

  
  *********************
  Rainfall File Summary
  *********************
  Station    First        Last         Recording   Periods    Periods    Periods
  ID         Date         Date         Frequency  w/Precip    Missing    Malfunc.
  -------------------------------------------------------------------------------
  BWSTI      04/30/2008   10/15/2019      60 min     52957          0          0

  
  *********************************************************
  NOTE: The summary statistics displayed in this report are
  based on results found at every computational time step,  
  not just on results from each reporting time step.
  *********************************************************
  
  ****************
  Analysis Options
  ****************
  Flow Units ............... LPS
  Process Models:
    Rainfall/Runoff ........ YES
    RDII ................... NO
    Snowmelt ............... NO
    Groundwater ............ NO
    Flow Routing ........... NO
    Water Quality .......... NO
  Infiltration Method ...... HORTON
  Starting Date ............ 04/30/2008 00:00:00
  Ending Date .............. 10/15/2019 23:00:00
  Antecedent Dry Days ...... 0.0
  Report Time Step ......... 01:00:00
  Wet Time Step ............ 01:00:00
  Dry Time Step ............ 01:00:00
  
  
  **************************        Volume         Depth
  Runoff Quantity Continuity     hectare-m            mm
  **************************     ---------       -------
  Initial LID Storage ......         0.000        23.377
  Initial Snow Cover .......         0.000         0.000
  Total Precipitation ......         0.043      6654.460
  Evaporation Loss .........         0.025      3909.766
  Infiltration Loss ........         0.000         0.000
  Surface Runoff ...........         0.000         1.151
  LID Drainage .............         0.018      2745.056
  Snow Removed .............         0.000         0.000
  Final Snow Cover .........         0.000         0.000
  Final Storage ............         0.000        23.377
  Continuity Error (%) .....        -0.023
  
  
  **************************        Volume        Volume
  Flow Routing Continuity        hectare-m      10^6 ltr
  **************************     ---------     ---------
  Dry Weather Inflow .......         0.000         0.000
  Wet Weather Inflow .......         0.018         0.179
  Groundwater Inflow .......         0.000         0.000
  RDII Inflow ..............         0.000         0.000
  External Inflow ..........         0.000         0.000
  External Outflow .........         0.018         0.179
  Flooding Loss ............         0.000         0.000
  Evaporation Loss .........         0.000         0.000
  Exfiltration Loss ........         0.000         0.000
  Initial Stored Volume ....         0.000         0.000
  Final Stored Volume ......         0.000         0.000
  Continuity Error (%) .....         0.000
  
  
  ***************************
  Subcatchment Runoff Summary
  ***************************
  
  ------------------------------------------------------------------------------------------------------------------------------
                            Total      Total      Total      Total     Imperv       Perv      Total       Total     Peak  Runoff
                           Precip      Runon       Evap      Infil     Runoff     Runoff     Runoff      Runoff   Runoff   Coeff
  Subcatchment                 mm         mm         mm         mm         mm         mm         mm    10^6 ltr      LPS
  ------------------------------------------------------------------------------------------------------------------------------
  S1                      6654.46       0.00    3909.77       0.00       0.00       0.00    2746.21        0.18     0.84   0.413
  

  ***********************
  LID Performance Summary
  ***********************

  --------------------------------------------------------------------------------------------------------------------
                                         Total      Evap     Infil   Surface    Drain    Initial     Final  Continuity
                                        Inflow      Loss      Loss   Outflow   Outflow   Storage   Storage       Error
  Subcatchment      LID Control             mm        mm        mm        mm        mm        mm        mm           %
  --------------------------------------------------------------------------------------------------------------------
  S1                Gr2                6654.46   3909.77      0.00      1.15   2745.06     23.38     23.38       -0.02

  Analysis begun on:  Sun Nov 29 22:00:45 2020
  Analysis ended on:  Sun Nov 29 22:01:14 2020
  Total elapsed time: 00:00:29